<?xml version="1.0" encoding="UTF-8"?>
<testsuite name="com.ops.admin.services.BrandServiceTest" tests="2" skipped="0" failures="0" errors="0" timestamp="2024-08-20T11:49:48" hostname="DESKTOP-QAI631V" time="0.043">
  <properties/>
  <testcase name="createBrandWithExceptionTest()" classname="com.ops.admin.services.BrandServiceTest" time="0.037"/>
  <testcase name="createBrandTest()" classname="com.ops.admin.services.BrandServiceTest" time="0.005"/>
  <system-out><![CDATA[]]></system-out>
  <system-err><![CDATA[]]></system-err>
</testsuite>
