<?xml version="1.0" encoding="UTF-8"?>
<testsuite name="com.ops.admin.controllers.SupplyControllerTest" tests="1" skipped="0" failures="0" errors="0" timestamp="2024-08-20T11:49:47" hostname="DESKTOP-QAI631V" time="0.026">
  <properties/>
  <testcase name="createSupplyTest()" classname="com.ops.admin.controllers.SupplyControllerTest" time="0.026"/>
  <system-out><![CDATA[
  .   ____          _            __ _ _
 /\\ / ___'_ __ _ _(_)_ __  __ _ \ \ \ \
( ( )\___ | '_ | '_| | '_ \/ _` | \ \ \ \
 \\/  ___)| |_)| | | | | || (_| |  ) ) ) )
  '  |____| .__|_| |_|_| |_\__, | / / / /
 =========|_|==============|___/=/_/_/_/
 :: Spring Boot ::                (v3.2.4)

2024-08-20T14:49:47.333+03:00  INFO 21116 --- [    Test worker] c.o.a.controllers.SupplyControllerTest   : Starting SupplyControllerTest using Java 19.0.2 with PID 21116 (started by MrTorfis0017 in D:\OPS\ops-store\ops-admin-ms)
2024-08-20T14:49:47.333+03:00  INFO 21116 --- [    Test worker] c.o.a.controllers.SupplyControllerTest   : No active profile set, falling back to 1 default profile: "default"
2024-08-20T14:49:47.474+03:00  INFO 21116 --- [    Test worker] o.s.s.web.DefaultSecurityFilterChain     : Will secure any request with [org.springframework.security.web.session.DisableEncodeUrlFilter@1c4a2b94, org.springframework.security.web.context.request.async.WebAsyncManagerIntegrationFilter@234d2783, org.springframework.security.web.context.SecurityContextHolderFilter@3f4c6509, org.springframework.security.web.header.HeaderWriterFilter@4281d60b, org.springframework.web.filter.CorsFilter@4ffaa685, org.springframework.security.web.csrf.CsrfFilter@759222ba, org.springframework.security.web.authentication.logout.LogoutFilter@563fddc, org.springframework.security.oauth2.client.web.OAuth2AuthorizationRequestRedirectFilter@d649da6, org.springframework.security.oauth2.client.web.OAuth2AuthorizationRequestRedirectFilter@3a6ad631, org.springframework.security.oauth2.client.web.OAuth2LoginAuthenticationFilter@34c16f39, org.springframework.security.web.authentication.ui.DefaultLoginPageGeneratingFilter@7a6afa80, org.springframework.security.web.authentication.ui.DefaultLogoutPageGeneratingFilter@2abc15d1, org.springframework.security.web.savedrequest.RequestCacheAwareFilter@5baf17a8, org.springframework.security.web.servletapi.SecurityContextHolderAwareRequestFilter@369753d7, org.springframework.security.web.authentication.AnonymousAuthenticationFilter@67678d99, org.springframework.security.oauth2.client.web.OAuth2AuthorizationCodeGrantFilter@356a0932, org.springframework.security.web.access.ExceptionTranslationFilter@65011a90, org.springframework.security.web.access.intercept.AuthorizationFilter@17f31f99]
2024-08-20T14:49:47.474+03:00  INFO 21116 --- [    Test worker] o.s.b.t.m.w.SpringBootMockServletContext : Initializing Spring TestDispatcherServlet ''
2024-08-20T14:49:47.474+03:00  INFO 21116 --- [    Test worker] o.s.t.web.servlet.TestDispatcherServlet  : Initializing Servlet ''
2024-08-20T14:49:47.474+03:00  INFO 21116 --- [    Test worker] o.s.t.web.servlet.TestDispatcherServlet  : Completed initialization in 0 ms
2024-08-20T14:49:47.474+03:00  INFO 21116 --- [    Test worker] c.o.a.controllers.SupplyControllerTest   : Started SupplyControllerTest in 0.156 seconds (process running for 6.508)
]]></system-out>
  <system-err><![CDATA[]]></system-err>
</testsuite>
