<?xml version="1.0" encoding="UTF-8"?>
<testsuite name="com.ops.admin.services.CategoryServiceTest" tests="2" skipped="0" failures="0" errors="0" timestamp="2024-08-20T11:49:48" hostname="DESKTOP-QAI631V" time="0.038">
  <properties/>
  <testcase name="createCategoryTest()" classname="com.ops.admin.services.CategoryServiceTest" time="0.034"/>
  <testcase name="createCategoryWithExceptionTest()" classname="com.ops.admin.services.CategoryServiceTest" time="0.003"/>
  <system-out><![CDATA[]]></system-out>
  <system-err><![CDATA[]]></system-err>
</testsuite>
