<?xml version="1.0" encoding="UTF-8"?>
<testsuite name="com.ops.admin.controllers.SupplierControllerTest" tests="1" skipped="0" failures="0" errors="0" timestamp="2024-08-20T11:49:47" hostname="DESKTOP-QAI631V" time="0.011">
  <properties/>
  <testcase name="createSupplierTest()" classname="com.ops.admin.controllers.SupplierControllerTest" time="0.011"/>
  <system-out><![CDATA[
  .   ____          _            __ _ _
 /\\ / ___'_ __ _ _(_)_ __  __ _ \ \ \ \
( ( )\___ | '_ | '_| | '_ \/ _` | \ \ \ \
 \\/  ___)| |_)| | | | | || (_| |  ) ) ) )
  '  |____| .__|_| |_|_| |_\__, | / / / /
 =========|_|==============|___/=/_/_/_/
 :: Spring Boot ::                (v3.2.4)

2024-08-20T14:49:47.121+03:00  INFO 21116 --- [    Test worker] c.o.a.c.SupplierControllerTest           : Starting SupplierControllerTest using Java 19.0.2 with PID 21116 (started by MrTorfis0017 in D:\OPS\ops-store\ops-admin-ms)
2024-08-20T14:49:47.121+03:00  INFO 21116 --- [    Test worker] c.o.a.c.SupplierControllerTest           : No active profile set, falling back to 1 default profile: "default"
2024-08-20T14:49:47.277+03:00  INFO 21116 --- [    Test worker] o.s.s.web.DefaultSecurityFilterChain     : Will secure any request with [org.springframework.security.web.session.DisableEncodeUrlFilter@10179d56, org.springframework.security.web.context.request.async.WebAsyncManagerIntegrationFilter@7bef362a, org.springframework.security.web.context.SecurityContextHolderFilter@4d3c3d73, org.springframework.security.web.header.HeaderWriterFilter@338f77ef, org.springframework.web.filter.CorsFilter@253da90c, org.springframework.security.web.csrf.CsrfFilter@4f31346e, org.springframework.security.web.authentication.logout.LogoutFilter@272d73f7, org.springframework.security.oauth2.client.web.OAuth2AuthorizationRequestRedirectFilter@7dc86d0e, org.springframework.security.oauth2.client.web.OAuth2AuthorizationRequestRedirectFilter@2fae2447, org.springframework.security.oauth2.client.web.OAuth2LoginAuthenticationFilter@63411a44, org.springframework.security.web.authentication.ui.DefaultLoginPageGeneratingFilter@4765f942, org.springframework.security.web.authentication.ui.DefaultLogoutPageGeneratingFilter@427f1d3a, org.springframework.security.web.savedrequest.RequestCacheAwareFilter@b68f2fe, org.springframework.security.web.servletapi.SecurityContextHolderAwareRequestFilter@f1dd741, org.springframework.security.web.authentication.AnonymousAuthenticationFilter@6e2ed50e, org.springframework.security.oauth2.client.web.OAuth2AuthorizationCodeGrantFilter@2e093584, org.springframework.security.web.access.ExceptionTranslationFilter@4b99ed07, org.springframework.security.web.access.intercept.AuthorizationFilter@31b61204]
2024-08-20T14:49:47.293+03:00  INFO 21116 --- [    Test worker] o.s.b.t.m.w.SpringBootMockServletContext : Initializing Spring TestDispatcherServlet ''
2024-08-20T14:49:47.293+03:00  INFO 21116 --- [    Test worker] o.s.t.web.servlet.TestDispatcherServlet  : Initializing Servlet ''
2024-08-20T14:49:47.293+03:00  INFO 21116 --- [    Test worker] o.s.t.web.servlet.TestDispatcherServlet  : Completed initialization in 0 ms
2024-08-20T14:49:47.293+03:00  INFO 21116 --- [    Test worker] c.o.a.c.SupplierControllerTest           : Started SupplierControllerTest in 0.188 seconds (process running for 6.319)
]]></system-out>
  <system-err><![CDATA[]]></system-err>
</testsuite>
