<?xml version="1.0" encoding="UTF-8"?>
<testsuite name="com.ops.admin.services.ProductServiceTest" tests="2" skipped="0" failures="0" errors="0" timestamp="2024-08-20T11:49:48" hostname="DESKTOP-QAI631V" time="0.092">
  <properties/>
  <testcase name="createProductWithExceptionTest()" classname="com.ops.admin.services.ProductServiceTest" time="0.089"/>
  <testcase name="createProductTest()" classname="com.ops.admin.services.ProductServiceTest" time="0.003"/>
  <system-out><![CDATA[]]></system-out>
  <system-err><![CDATA[]]></system-err>
</testsuite>
