<?xml version="1.0" encoding="UTF-8"?>
<testsuite name="com.ops.admin.converters.NewsConverterTest" tests="2" skipped="0" failures="0" errors="0" timestamp="2024-08-20T11:49:47" hostname="DESKTOP-QAI631V" time="0.067">
  <properties/>
  <testcase name="toDTOTest()" classname="com.ops.admin.converters.NewsConverterTest" time="0.063"/>
  <testcase name="fromDTOTest()" classname="com.ops.admin.converters.NewsConverterTest" time="0.003"/>
  <system-out><![CDATA[]]></system-out>
  <system-err><![CDATA[]]></system-err>
</testsuite>
