<?xml version="1.0" encoding="UTF-8"?>
<testsuite name="com.ops.admin.controllers.ProductControllerTest" tests="1" skipped="0" failures="0" errors="0" timestamp="2024-08-20T11:49:47" hostname="DESKTOP-QAI631V" time="0.015">
  <properties/>
  <testcase name="createProductTest()" classname="com.ops.admin.controllers.ProductControllerTest" time="0.015"/>
  <system-out><![CDATA[
  .   ____          _            __ _ _
 /\\ / ___'_ __ _ _(_)_ __  __ _ \ \ \ \
( ( )\___ | '_ | '_| | '_ \/ _` | \ \ \ \
 \\/  ___)| |_)| | | | | || (_| |  ) ) ) )
  '  |____| .__|_| |_|_| |_\__, | / / / /
 =========|_|==============|___/=/_/_/_/
 :: Spring Boot ::                (v3.2.4)

2024-08-20T14:49:46.888+03:00  INFO 21116 --- [    Test worker] c.o.a.controllers.ProductControllerTest  : Starting ProductControllerTest using Java 19.0.2 with PID 21116 (started by MrTorfis0017 in D:\OPS\ops-store\ops-admin-ms)
2024-08-20T14:49:46.888+03:00  INFO 21116 --- [    Test worker] c.o.a.controllers.ProductControllerTest  : No active profile set, falling back to 1 default profile: "default"
2024-08-20T14:49:47.058+03:00  INFO 21116 --- [    Test worker] o.s.s.web.DefaultSecurityFilterChain     : Will secure any request with [org.springframework.security.web.session.DisableEncodeUrlFilter@54c29340, org.springframework.security.web.context.request.async.WebAsyncManagerIntegrationFilter@324df582, org.springframework.security.web.context.SecurityContextHolderFilter@1eb90cf, org.springframework.security.web.header.HeaderWriterFilter@66c7a22e, org.springframework.web.filter.CorsFilter@112f2b01, org.springframework.security.web.csrf.CsrfFilter@1fe2e3cd, org.springframework.security.web.authentication.logout.LogoutFilter@242f69d3, org.springframework.security.oauth2.client.web.OAuth2AuthorizationRequestRedirectFilter@421e92ea, org.springframework.security.oauth2.client.web.OAuth2AuthorizationRequestRedirectFilter@7fcb9143, org.springframework.security.oauth2.client.web.OAuth2LoginAuthenticationFilter@7983fd5f, org.springframework.security.web.authentication.ui.DefaultLoginPageGeneratingFilter@f4b82a1, org.springframework.security.web.authentication.ui.DefaultLogoutPageGeneratingFilter@1d7f09ef, org.springframework.security.web.savedrequest.RequestCacheAwareFilter@99ff7b4, org.springframework.security.web.servletapi.SecurityContextHolderAwareRequestFilter@54c69cc5, org.springframework.security.web.authentication.AnonymousAuthenticationFilter@5d67c193, org.springframework.security.oauth2.client.web.OAuth2AuthorizationCodeGrantFilter@627dd427, org.springframework.security.web.access.ExceptionTranslationFilter@51f18eac, org.springframework.security.web.access.intercept.AuthorizationFilter@1da0017c]
2024-08-20T14:49:47.074+03:00  INFO 21116 --- [    Test worker] o.s.b.t.m.w.SpringBootMockServletContext : Initializing Spring TestDispatcherServlet ''
2024-08-20T14:49:47.074+03:00  INFO 21116 --- [    Test worker] o.s.t.web.servlet.TestDispatcherServlet  : Initializing Servlet ''
2024-08-20T14:49:47.074+03:00  INFO 21116 --- [    Test worker] o.s.t.web.servlet.TestDispatcherServlet  : Completed initialization in 0 ms
2024-08-20T14:49:47.074+03:00  INFO 21116 --- [    Test worker] c.o.a.controllers.ProductControllerTest  : Started ProductControllerTest in 0.202 seconds (process running for 6.099)
]]></system-out>
  <system-err><![CDATA[]]></system-err>
</testsuite>
