<?xml version="1.0" encoding="UTF-8"?>
<testsuite name="com.ops.admin.controllers.NewsControllerTest" tests="1" skipped="0" failures="0" errors="0" timestamp="2024-08-20T11:49:46" hostname="DESKTOP-QAI631V" time="0.02">
  <properties/>
  <testcase name="createNewsTest()" classname="com.ops.admin.controllers.NewsControllerTest" time="0.02"/>
  <system-out><![CDATA[
  .   ____          _            __ _ _
 /\\ / ___'_ __ _ _(_)_ __  __ _ \ \ \ \
( ( )\___ | '_ | '_| | '_ \/ _` | \ \ \ \
 \\/  ___)| |_)| | | | | || (_| |  ) ) ) )
  '  |____| .__|_| |_|_| |_\__, | / / / /
 =========|_|==============|___/=/_/_/_/
 :: Spring Boot ::                (v3.2.4)

2024-08-20T14:49:46.632+03:00  INFO 21116 --- [    Test worker] c.o.a.controllers.NewsControllerTest     : Starting NewsControllerTest using Java 19.0.2 with PID 21116 (started by MrTorfis0017 in D:\OPS\ops-store\ops-admin-ms)
2024-08-20T14:49:46.632+03:00  INFO 21116 --- [    Test worker] c.o.a.controllers.NewsControllerTest     : No active profile set, falling back to 1 default profile: "default"
2024-08-20T14:49:46.805+03:00  INFO 21116 --- [    Test worker] o.s.s.web.DefaultSecurityFilterChain     : Will secure any request with [org.springframework.security.web.session.DisableEncodeUrlFilter@375963d5, org.springframework.security.web.context.request.async.WebAsyncManagerIntegrationFilter@3eb2dd8b, org.springframework.security.web.context.SecurityContextHolderFilter@634d63e1, org.springframework.security.web.header.HeaderWriterFilter@5090c3fb, org.springframework.web.filter.CorsFilter@578b55aa, org.springframework.security.web.csrf.CsrfFilter@14427309, org.springframework.security.web.authentication.logout.LogoutFilter@7310b9dc, org.springframework.security.oauth2.client.web.OAuth2AuthorizationRequestRedirectFilter@243d4f63, org.springframework.security.oauth2.client.web.OAuth2AuthorizationRequestRedirectFilter@5ad8fb8, org.springframework.security.oauth2.client.web.OAuth2LoginAuthenticationFilter@2475b2ff, org.springframework.security.web.authentication.ui.DefaultLoginPageGeneratingFilter@1b4f3ab9, org.springframework.security.web.authentication.ui.DefaultLogoutPageGeneratingFilter@2546c525, org.springframework.security.web.savedrequest.RequestCacheAwareFilter@64908eba, org.springframework.security.web.servletapi.SecurityContextHolderAwareRequestFilter@4d16b7fb, org.springframework.security.web.authentication.AnonymousAuthenticationFilter@597d5d93, org.springframework.security.oauth2.client.web.OAuth2AuthorizationCodeGrantFilter@79d17ddb, org.springframework.security.web.access.ExceptionTranslationFilter@63b952c9, org.springframework.security.web.access.intercept.AuthorizationFilter@5295c2b4]
2024-08-20T14:49:46.825+03:00  INFO 21116 --- [    Test worker] o.s.b.t.m.w.SpringBootMockServletContext : Initializing Spring TestDispatcherServlet ''
2024-08-20T14:49:46.825+03:00  INFO 21116 --- [    Test worker] o.s.t.web.servlet.TestDispatcherServlet  : Initializing Servlet ''
2024-08-20T14:49:46.825+03:00  INFO 21116 --- [    Test worker] o.s.t.web.servlet.TestDispatcherServlet  : Completed initialization in 0 ms
2024-08-20T14:49:46.825+03:00  INFO 21116 --- [    Test worker] c.o.a.controllers.NewsControllerTest     : Started NewsControllerTest in 0.209 seconds (process running for 5.857)
]]></system-out>
  <system-err><![CDATA[]]></system-err>
</testsuite>
