<?xml version="1.0" encoding="UTF-8"?>
<testsuite name="com.ops.admin.services.NewsServiceTest" tests="1" skipped="0" failures="0" errors="0" timestamp="2024-08-20T11:49:48" hostname="DESKTOP-QAI631V" time="0.081">
  <properties/>
  <testcase name="createNewsTest()" classname="com.ops.admin.services.NewsServiceTest" time="0.081"/>
  <system-out><![CDATA[]]></system-out>
  <system-err><![CDATA[]]></system-err>
</testsuite>
